<?xml version="1.0" encoding="UTF-8"?>
<testng-results ignored="0" total="1" passed="1" failed="0" skipped="0">
  <reporter-output>
  </reporter-output>
  <suite started-at="2022-05-11T16:51:22 IST" name="Default suite" finished-at="2022-05-11T16:51:28 IST" duration-ms="5899">
    <groups>
    </groups>
    <test started-at="2022-05-11T16:51:22 IST" name="Default test" finished-at="2022-05-11T16:51:28 IST" duration-ms="5899">
      <class name="com.Framework.InstagramFramework.LoginTestPage">
        <test-method is-config="true" signature="setup()[pri:0, instance:com.Framework.InstagramFramework.LoginTestPage@306e95ec]" started-at="2022-05-11T16:51:17 IST" name="setup" finished-at="2022-05-11T16:51:22 IST" duration-ms="5313" status="PASS">
          <reporter-output>
          </reporter-output>
        </test-method> <!-- setup -->
        <test-method signature="loginTest()[pri:0, instance:com.Framework.InstagramFramework.LoginTestPage@306e95ec]" started-at="2022-05-11T16:51:22 IST" name="loginTest" finished-at="2022-05-11T16:51:28 IST" duration-ms="5847" status="PASS">
          <reporter-output>
          </reporter-output>
        </test-method> <!-- loginTest -->
        <test-method is-config="true" signature="teardown()[pri:0, instance:com.Framework.InstagramFramework.LoginTestPage@306e95ec]" started-at="2022-05-11T16:51:28 IST" name="teardown" finished-at="2022-05-11T16:51:29 IST" duration-ms="227" status="PASS">
          <reporter-output>
          </reporter-output>
        </test-method> <!-- teardown -->
      </class> <!-- com.Framework.InstagramFramework.LoginTestPage -->
    </test> <!-- Default test -->
  </suite> <!-- Default suite -->
</testng-results>
